<?xml version="1.0" encoding="UTF-8"?>
<testng-results skipped="0" failed="4" ignored="0" total="4" passed="0">
  <reporter-output>
  </reporter-output>
  <suite name="Default suite" duration-ms="269" started-at="2018-08-29T09:52:15Z" finished-at="2018-08-29T09:52:16Z">
    <groups>
    </groups>
    <test name="Default test" duration-ms="269" started-at="2018-08-29T09:52:15Z" finished-at="2018-08-29T09:52:16Z">
      <class name="test.by.epam.service.parsing.MedicinsAbstractBuilderTest">
        <test-method status="PASS" signature="beforeClass()[pri:0, instance:test.by.epam.service.parsing.MedicinsAbstractBuilderTest@60704c]" name="beforeClass" is-config="true" duration-ms="28" started-at="2018-08-29T09:52:15Z" finished-at="2018-08-29T09:52:15Z">
          <reporter-output>
          </reporter-output>
        </test-method> <!-- beforeClass -->
        <test-method status="FAIL" signature="BuildeSetMedicinsTest(java.lang.String)[pri:0, instance:test.by.epam.service.parsing.MedicinsAbstractBuilderTest@60704c]" name="BuildeSetMedicinsTest" duration-ms="59" started-at="2018-08-29T09:52:15Z" data-provider="medicinsBuilders" finished-at="2018-08-29T09:52:15Z">
          <params>
            <param index="0">
              <value>
                <![CDATA[sax]]>
              </value>
            </param>
          </params>
          <exception class="java.lang.AssertionError">
            <message>
              <![CDATA[Sets differ: expected [Antibiotic:  name='Test antibiotic' CAS='12345-67-8' DrugBank='DB00000'
    pharm: Test Pharmacy
    Version: trade name='Test trade name'
        producer: Test producer
        form :    pills
        Certificate:
            registred by:      Test registration
            registration date: Fri Jan 01 00:00:00 MSK 2010
            expire date :      Wed Jan 01 00:00:00 MSK 2020
        Dosage:
            amount:    Test amount
            frequency: Test frequency
        Pack: size='null'
            quantity: 100
            price:    200.0, recipe: true
] but got [Antibiotic:  name='Test antibiotic' CAS='12345-67-8' DrugBank='DB00000'
    pharm: Test Pharmacy
    Version: trade name='Test trade name'
        producer: Test producer
        form :    pills
        Certificate:
            registred by:      Test registration
            registration date: Fri Jan 01 00:00:00 MSK 2010
            expire date :      Wed Jan 01 00:00:00 MSK 2020
        Dosage:
            amount:    Test amount
            frequency: Test frequency
        Pack: size='null'
            quantity: 100
            price:    200.0, recipe: true
]]]>
            </message>
            <full-stacktrace>
              <![CDATA[java.lang.AssertionError: Sets differ: expected [Antibiotic:  name='Test antibiotic' CAS='12345-67-8' DrugBank='DB00000'
    pharm: Test Pharmacy
    Version: trade name='Test trade name'
        producer: Test producer
        form :    pills
        Certificate:
            registred by:      Test registration
            registration date: Fri Jan 01 00:00:00 MSK 2010
            expire date :      Wed Jan 01 00:00:00 MSK 2020
        Dosage:
            amount:    Test amount
            frequency: Test frequency
        Pack: size='null'
            quantity: 100
            price:    200.0, recipe: true
] but got [Antibiotic:  name='Test antibiotic' CAS='12345-67-8' DrugBank='DB00000'
    pharm: Test Pharmacy
    Version: trade name='Test trade name'
        producer: Test producer
        form :    pills
        Certificate:
            registred by:      Test registration
            registration date: Fri Jan 01 00:00:00 MSK 2010
            expire date :      Wed Jan 01 00:00:00 MSK 2020
        Dosage:
            amount:    Test amount
            frequency: Test frequency
        Pack: size='null'
            quantity: 100
            price:    200.0, recipe: true
]
at org.testng.Assert.fail(Assert.java:96)
at org.testng.Assert.assertEquals(Assert.java:1042)
at org.testng.Assert.assertEquals(Assert.java:1020)
at test.by.epam.service.parsing.MedicinsAbstractBuilderTest.BuildeSetMedicinsTest(MedicinsAbstractBuilderTest.java:43)
at sun.reflect.NativeMethodAccessorImpl.invoke0(Native Method)
at sun.reflect.NativeMethodAccessorImpl.invoke(NativeMethodAccessorImpl.java:62)
at sun.reflect.DelegatingMethodAccessorImpl.invoke(DelegatingMethodAccessorImpl.java:43)
at java.lang.reflect.Method.invoke(Method.java:498)
at org.testng.internal.MethodInvocationHelper.invokeMethod(MethodInvocationHelper.java:124)
at org.testng.internal.Invoker.invokeMethod(Invoker.java:580)
at org.testng.internal.Invoker.invokeTestMethod(Invoker.java:716)
at org.testng.internal.Invoker.invokeTestMethods(Invoker.java:988)
at org.testng.internal.TestMethodWorker.invokeTestMethods(TestMethodWorker.java:125)
at org.testng.internal.TestMethodWorker.run(TestMethodWorker.java:109)
at org.testng.TestRunner.privateRun(TestRunner.java:648)
at org.testng.TestRunner.run(TestRunner.java:505)
at org.testng.SuiteRunner.runTest(SuiteRunner.java:455)
at org.testng.SuiteRunner.runSequentially(SuiteRunner.java:450)
at org.testng.SuiteRunner.privateRun(SuiteRunner.java:415)
at org.testng.SuiteRunner.run(SuiteRunner.java:364)
at org.testng.SuiteRunnerWorker.runSuite(SuiteRunnerWorker.java:52)
at org.testng.SuiteRunnerWorker.run(SuiteRunnerWorker.java:84)
at org.testng.TestNG.runSuitesSequentially(TestNG.java:1208)
at org.testng.TestNG.runSuitesLocally(TestNG.java:1137)
at org.testng.TestNG.runSuites(TestNG.java:1049)
at org.testng.TestNG.run(TestNG.java:1017)
at org.testng.remote.AbstractRemoteTestNG.run(AbstractRemoteTestNG.java:114)
at org.testng.remote.RemoteTestNG.initAndRun(RemoteTestNG.java:251)
at org.testng.remote.RemoteTestNG.main(RemoteTestNG.java:77)
]]>
            </full-stacktrace>
          </exception> <!-- java.lang.AssertionError -->
          <reporter-output>
          </reporter-output>
        </test-method> <!-- BuildeSetMedicinsTest -->
        <test-method status="FAIL" signature="BuildeSetMedicinsTest(java.lang.String)[pri:0, instance:test.by.epam.service.parsing.MedicinsAbstractBuilderTest@60704c]" name="BuildeSetMedicinsTest" duration-ms="13" started-at="2018-08-29T09:52:15Z" data-provider="medicinsBuilders" finished-at="2018-08-29T09:52:15Z">
          <params>
            <param index="0">
              <value>
                <![CDATA[dom]]>
              </value>
            </param>
          </params>
          <exception class="java.lang.AssertionError">
            <message>
              <![CDATA[Sets differ: expected [Antibiotic:  name='Test antibiotic' CAS='12345-67-8' DrugBank='DB00000'
    pharm: Test Pharmacy
    Version: trade name='Test trade name'
        producer: Test producer
        form :    pills
        Certificate:
            registred by:      Test registration
            registration date: Fri Jan 01 00:00:00 MSK 2010
            expire date :      Wed Jan 01 00:00:00 MSK 2020
        Dosage:
            amount:    Test amount
            frequency: Test frequency
        Pack: size='null'
            quantity: 100
            price:    200.0, recipe: true
] but got [Antibiotic:  name='Test antibiotic' CAS='12345-67-8' DrugBank='DB00000'
    pharm: Test Pharmacy
    Version: trade name='Test trade name'
        producer: Test producer
        form :    null
        Certificate:
            registred by:      Test registration
            registration date: Fri Jan 01 00:00:00 MSK 2010
            expire date :      Wed Jan 01 00:00:00 MSK 2020
        Dosage:
            amount:    Test amount
            frequency: Test frequency
        Pack: size='null'
            quantity: 100
            price:    200.0, recipe: true
]]]>
            </message>
            <full-stacktrace>
              <![CDATA[java.lang.AssertionError: Sets differ: expected [Antibiotic:  name='Test antibiotic' CAS='12345-67-8' DrugBank='DB00000'
    pharm: Test Pharmacy
    Version: trade name='Test trade name'
        producer: Test producer
        form :    pills
        Certificate:
            registred by:      Test registration
            registration date: Fri Jan 01 00:00:00 MSK 2010
            expire date :      Wed Jan 01 00:00:00 MSK 2020
        Dosage:
            amount:    Test amount
            frequency: Test frequency
        Pack: size='null'
            quantity: 100
            price:    200.0, recipe: true
] but got [Antibiotic:  name='Test antibiotic' CAS='12345-67-8' DrugBank='DB00000'
    pharm: Test Pharmacy
    Version: trade name='Test trade name'
        producer: Test producer
        form :    null
        Certificate:
            registred by:      Test registration
            registration date: Fri Jan 01 00:00:00 MSK 2010
            expire date :      Wed Jan 01 00:00:00 MSK 2020
        Dosage:
            amount:    Test amount
            frequency: Test frequency
        Pack: size='null'
            quantity: 100
            price:    200.0, recipe: true
]
at org.testng.Assert.fail(Assert.java:96)
at org.testng.Assert.assertEquals(Assert.java:1042)
at org.testng.Assert.assertEquals(Assert.java:1020)
at test.by.epam.service.parsing.MedicinsAbstractBuilderTest.BuildeSetMedicinsTest(MedicinsAbstractBuilderTest.java:43)
at sun.reflect.NativeMethodAccessorImpl.invoke0(Native Method)
at sun.reflect.NativeMethodAccessorImpl.invoke(NativeMethodAccessorImpl.java:62)
at sun.reflect.DelegatingMethodAccessorImpl.invoke(DelegatingMethodAccessorImpl.java:43)
at java.lang.reflect.Method.invoke(Method.java:498)
at org.testng.internal.MethodInvocationHelper.invokeMethod(MethodInvocationHelper.java:124)
at org.testng.internal.Invoker.invokeMethod(Invoker.java:580)
at org.testng.internal.Invoker.invokeTestMethod(Invoker.java:716)
at org.testng.internal.Invoker.invokeTestMethods(Invoker.java:988)
at org.testng.internal.TestMethodWorker.invokeTestMethods(TestMethodWorker.java:125)
at org.testng.internal.TestMethodWorker.run(TestMethodWorker.java:109)
at org.testng.TestRunner.privateRun(TestRunner.java:648)
at org.testng.TestRunner.run(TestRunner.java:505)
at org.testng.SuiteRunner.runTest(SuiteRunner.java:455)
at org.testng.SuiteRunner.runSequentially(SuiteRunner.java:450)
at org.testng.SuiteRunner.privateRun(SuiteRunner.java:415)
at org.testng.SuiteRunner.run(SuiteRunner.java:364)
at org.testng.SuiteRunnerWorker.runSuite(SuiteRunnerWorker.java:52)
at org.testng.SuiteRunnerWorker.run(SuiteRunnerWorker.java:84)
at org.testng.TestNG.runSuitesSequentially(TestNG.java:1208)
at org.testng.TestNG.runSuitesLocally(TestNG.java:1137)
at org.testng.TestNG.runSuites(TestNG.java:1049)
at org.testng.TestNG.run(TestNG.java:1017)
at org.testng.remote.AbstractRemoteTestNG.run(AbstractRemoteTestNG.java:114)
at org.testng.remote.RemoteTestNG.initAndRun(RemoteTestNG.java:251)
at org.testng.remote.RemoteTestNG.main(RemoteTestNG.java:77)
]]>
            </full-stacktrace>
          </exception> <!-- java.lang.AssertionError -->
          <reporter-output>
          </reporter-output>
        </test-method> <!-- BuildeSetMedicinsTest -->
        <test-method status="FAIL" signature="BuildeSetMedicinsTest(java.lang.String)[pri:0, instance:test.by.epam.service.parsing.MedicinsAbstractBuilderTest@60704c]" name="BuildeSetMedicinsTest" duration-ms="53" started-at="2018-08-29T09:52:15Z" data-provider="medicinsBuilders" finished-at="2018-08-29T09:52:15Z">
          <params>
            <param index="0">
              <value>
                <![CDATA[stax]]>
              </value>
            </param>
          </params>
          <exception class="java.lang.AssertionError">
            <message>
              <![CDATA[Sets differ: expected [Antibiotic:  name='Test antibiotic' CAS='12345-67-8' DrugBank='DB00000'
    pharm: Test Pharmacy
    Version: trade name='Test trade name'
        producer: Test producer
        form :    pills
        Certificate:
            registred by:      Test registration
            registration date: Fri Jan 01 00:00:00 MSK 2010
            expire date :      Wed Jan 01 00:00:00 MSK 2020
        Dosage:
            amount:    Test amount
            frequency: Test frequency
        Pack: size='null'
            quantity: 100
            price:    200.0, recipe: true
] but got [Antibiotic:  name='Test antibiotic' CAS='12345-67-8' DrugBank='DB00000'
    pharm: Test Pharmacy
    Version: trade name='Test trade name'
        producer: Test producer
        form :    pills
        Certificate:
            registred by:      Test registration
            registration date: Fri Jan 01 00:00:00 MSK 2010
            expire date :      Wed Jan 01 00:00:00 MSK 2020
        Dosage:
            amount:    Test amount
            frequency: Test frequency
        Pack: size='null'
            quantity: 100
            price:    200.0, recipe: true
]]]>
            </message>
            <full-stacktrace>
              <![CDATA[java.lang.AssertionError: Sets differ: expected [Antibiotic:  name='Test antibiotic' CAS='12345-67-8' DrugBank='DB00000'
    pharm: Test Pharmacy
    Version: trade name='Test trade name'
        producer: Test producer
        form :    pills
        Certificate:
            registred by:      Test registration
            registration date: Fri Jan 01 00:00:00 MSK 2010
            expire date :      Wed Jan 01 00:00:00 MSK 2020
        Dosage:
            amount:    Test amount
            frequency: Test frequency
        Pack: size='null'
            quantity: 100
            price:    200.0, recipe: true
] but got [Antibiotic:  name='Test antibiotic' CAS='12345-67-8' DrugBank='DB00000'
    pharm: Test Pharmacy
    Version: trade name='Test trade name'
        producer: Test producer
        form :    pills
        Certificate:
            registred by:      Test registration
            registration date: Fri Jan 01 00:00:00 MSK 2010
            expire date :      Wed Jan 01 00:00:00 MSK 2020
        Dosage:
            amount:    Test amount
            frequency: Test frequency
        Pack: size='null'
            quantity: 100
            price:    200.0, recipe: true
]
at org.testng.Assert.fail(Assert.java:96)
at org.testng.Assert.assertEquals(Assert.java:1042)
at org.testng.Assert.assertEquals(Assert.java:1020)
at test.by.epam.service.parsing.MedicinsAbstractBuilderTest.BuildeSetMedicinsTest(MedicinsAbstractBuilderTest.java:43)
at sun.reflect.NativeMethodAccessorImpl.invoke0(Native Method)
at sun.reflect.NativeMethodAccessorImpl.invoke(NativeMethodAccessorImpl.java:62)
at sun.reflect.DelegatingMethodAccessorImpl.invoke(DelegatingMethodAccessorImpl.java:43)
at java.lang.reflect.Method.invoke(Method.java:498)
at org.testng.internal.MethodInvocationHelper.invokeMethod(MethodInvocationHelper.java:124)
at org.testng.internal.Invoker.invokeMethod(Invoker.java:580)
at org.testng.internal.Invoker.invokeTestMethod(Invoker.java:716)
at org.testng.internal.Invoker.invokeTestMethods(Invoker.java:988)
at org.testng.internal.TestMethodWorker.invokeTestMethods(TestMethodWorker.java:125)
at org.testng.internal.TestMethodWorker.run(TestMethodWorker.java:109)
at org.testng.TestRunner.privateRun(TestRunner.java:648)
at org.testng.TestRunner.run(TestRunner.java:505)
at org.testng.SuiteRunner.runTest(SuiteRunner.java:455)
at org.testng.SuiteRunner.runSequentially(SuiteRunner.java:450)
at org.testng.SuiteRunner.privateRun(SuiteRunner.java:415)
at org.testng.SuiteRunner.run(SuiteRunner.java:364)
at org.testng.SuiteRunnerWorker.runSuite(SuiteRunnerWorker.java:52)
at org.testng.SuiteRunnerWorker.run(SuiteRunnerWorker.java:84)
at org.testng.TestNG.runSuitesSequentially(TestNG.java:1208)
at org.testng.TestNG.runSuitesLocally(TestNG.java:1137)
at org.testng.TestNG.runSuites(TestNG.java:1049)
at org.testng.TestNG.run(TestNG.java:1017)
at org.testng.remote.AbstractRemoteTestNG.run(AbstractRemoteTestNG.java:114)
at org.testng.remote.RemoteTestNG.initAndRun(RemoteTestNG.java:251)
at org.testng.remote.RemoteTestNG.main(RemoteTestNG.java:77)
]]>
            </full-stacktrace>
          </exception> <!-- java.lang.AssertionError -->
          <reporter-output>
          </reporter-output>
        </test-method> <!-- BuildeSetMedicinsTest -->
        <test-method status="FAIL" signature="BuildeSetMedicinsTest(java.lang.String)[pri:0, instance:test.by.epam.service.parsing.MedicinsAbstractBuilderTest@60704c]" name="BuildeSetMedicinsTest" duration-ms="6" started-at="2018-08-29T09:52:16Z" data-provider="medicinsBuilders" finished-at="2018-08-29T09:52:16Z">
          <params>
            <param index="0">
              <value>
                <![CDATA[bax]]>
              </value>
            </param>
          </params>
          <exception class="java.lang.AssertionError">
            <message>
              <![CDATA[Parser not presented]]>
            </message>
            <full-stacktrace>
              <![CDATA[java.lang.AssertionError: Parser not presented
at org.testng.Assert.fail(Assert.java:85)
at test.by.epam.service.parsing.MedicinsAbstractBuilderTest.BuildeSetMedicinsTest(MedicinsAbstractBuilderTest.java:45)
at sun.reflect.NativeMethodAccessorImpl.invoke0(Native Method)
at sun.reflect.NativeMethodAccessorImpl.invoke(NativeMethodAccessorImpl.java:62)
at sun.reflect.DelegatingMethodAccessorImpl.invoke(DelegatingMethodAccessorImpl.java:43)
at java.lang.reflect.Method.invoke(Method.java:498)
at org.testng.internal.MethodInvocationHelper.invokeMethod(MethodInvocationHelper.java:124)
at org.testng.internal.Invoker.invokeMethod(Invoker.java:580)
at org.testng.internal.Invoker.invokeTestMethod(Invoker.java:716)
at org.testng.internal.Invoker.invokeTestMethods(Invoker.java:988)
at org.testng.internal.TestMethodWorker.invokeTestMethods(TestMethodWorker.java:125)
at org.testng.internal.TestMethodWorker.run(TestMethodWorker.java:109)
at org.testng.TestRunner.privateRun(TestRunner.java:648)
at org.testng.TestRunner.run(TestRunner.java:505)
at org.testng.SuiteRunner.runTest(SuiteRunner.java:455)
at org.testng.SuiteRunner.runSequentially(SuiteRunner.java:450)
at org.testng.SuiteRunner.privateRun(SuiteRunner.java:415)
at org.testng.SuiteRunner.run(SuiteRunner.java:364)
at org.testng.SuiteRunnerWorker.runSuite(SuiteRunnerWorker.java:52)
at org.testng.SuiteRunnerWorker.run(SuiteRunnerWorker.java:84)
at org.testng.TestNG.runSuitesSequentially(TestNG.java:1208)
at org.testng.TestNG.runSuitesLocally(TestNG.java:1137)
at org.testng.TestNG.runSuites(TestNG.java:1049)
at org.testng.TestNG.run(TestNG.java:1017)
at org.testng.remote.AbstractRemoteTestNG.run(AbstractRemoteTestNG.java:114)
at org.testng.remote.RemoteTestNG.initAndRun(RemoteTestNG.java:251)
at org.testng.remote.RemoteTestNG.main(RemoteTestNG.java:77)
Caused by: by.epam.task4.service.exception.ParserNotPresentedException: There is not such parser: bax
at by.epam.task4.service.factory.MedicinsBuilderFactory.getBuilder(MedicinsBuilderFactory.java:29)
at test.by.epam.service.parsing.MedicinsAbstractBuilderTest.BuildeSetMedicinsTest(MedicinsAbstractBuilderTest.java:40)
... 25 more
]]>
            </full-stacktrace>
          </exception> <!-- java.lang.AssertionError -->
          <reporter-output>
          </reporter-output>
        </test-method> <!-- BuildeSetMedicinsTest -->
        <test-method status="PASS" signature="afterClass()[pri:0, instance:test.by.epam.service.parsing.MedicinsAbstractBuilderTest@60704c]" name="afterClass" is-config="true" duration-ms="5" started-at="2018-08-29T09:52:16Z" finished-at="2018-08-29T09:52:16Z">
          <reporter-output>
          </reporter-output>
        </test-method> <!-- afterClass -->
      </class> <!-- test.by.epam.service.parsing.MedicinsAbstractBuilderTest -->
    </test> <!-- Default test -->
  </suite> <!-- Default suite -->
</testng-results>
