<?xml version="1.0" encoding="UTF-8"?>
<!-- Generated by org.testng.reporters.JUnitReportReporter -->
<testsuite skipped="0" hostname="arhor-X201EP" name="test.by.epam.service.parsing.MedicinsAbstractBuilderTest" tests="4" failures="4" timestamp="29 авг 2018 09:52:16 GMT" time="0.131" errors="0">
  <testcase name="BuildeSetMedicinsTest" time="0.059" classname="test.by.epam.service.parsing.MedicinsAbstractBuilderTest">
    <failure type="java.lang.AssertionError" message="Sets differ: expected [Antibiotic:  name=&#039;Test antibiotic&#039; CAS=&#039;12345-67-8&#039; DrugBank=&#039;DB00000&#039;
    pharm: Test Pharmacy
    Version: trade name=&#039;Test trade name&#039;
        producer: Test producer
        form :    pills
        Certificate:
            registred by:      Test registration
            registration date: Fri Jan 01 00:00:00 MSK 2010
            expire date :      Wed Jan 01 00:00:00 MSK 2020
        Dosage:
            amount:    Test amount
            frequency: Test frequency
        Pack: size=&#039;null&#039;
            quantity: 100
            price:    200.0, recipe: true
] but got [Antibiotic:  name=&#039;Test antibiotic&#039; CAS=&#039;12345-67-8&#039; DrugBank=&#039;DB00000&#039;
    pharm: Test Pharmacy
    Version: trade name=&#039;Test trade name&#039;
        producer: Test producer
        form :    pills
        Certificate:
            registred by:      Test registration
            registration date: Fri Jan 01 00:00:00 MSK 2010
            expire date :      Wed Jan 01 00:00:00 MSK 2020
        Dosage:
            amount:    Test amount
            frequency: Test frequency
        Pack: size=&#039;null&#039;
            quantity: 100
            price:    200.0, recipe: true
]">
      <![CDATA[java.lang.AssertionError: Sets differ: expected [Antibiotic:  name='Test antibiotic' CAS='12345-67-8' DrugBank='DB00000'
    pharm: Test Pharmacy
    Version: trade name='Test trade name'
        producer: Test producer
        form :    pills
        Certificate:
            registred by:      Test registration
            registration date: Fri Jan 01 00:00:00 MSK 2010
            expire date :      Wed Jan 01 00:00:00 MSK 2020
        Dosage:
            amount:    Test amount
            frequency: Test frequency
        Pack: size='null'
            quantity: 100
            price:    200.0, recipe: true
] but got [Antibiotic:  name='Test antibiotic' CAS='12345-67-8' DrugBank='DB00000'
    pharm: Test Pharmacy
    Version: trade name='Test trade name'
        producer: Test producer
        form :    pills
        Certificate:
            registred by:      Test registration
            registration date: Fri Jan 01 00:00:00 MSK 2010
            expire date :      Wed Jan 01 00:00:00 MSK 2020
        Dosage:
            amount:    Test amount
            frequency: Test frequency
        Pack: size='null'
            quantity: 100
            price:    200.0, recipe: true
]
at org.testng.Assert.fail(Assert.java:96)
at org.testng.Assert.assertEquals(Assert.java:1042)
at org.testng.Assert.assertEquals(Assert.java:1020)
at test.by.epam.service.parsing.MedicinsAbstractBuilderTest.BuildeSetMedicinsTest(MedicinsAbstractBuilderTest.java:43)
at sun.reflect.NativeMethodAccessorImpl.invoke0(Native Method)
at sun.reflect.NativeMethodAccessorImpl.invoke(NativeMethodAccessorImpl.java:62)
at sun.reflect.DelegatingMethodAccessorImpl.invoke(DelegatingMethodAccessorImpl.java:43)
at java.lang.reflect.Method.invoke(Method.java:498)
at org.testng.internal.MethodInvocationHelper.invokeMethod(MethodInvocationHelper.java:124)
at org.testng.internal.Invoker.invokeMethod(Invoker.java:580)
at org.testng.internal.Invoker.invokeTestMethod(Invoker.java:716)
at org.testng.internal.Invoker.invokeTestMethods(Invoker.java:988)
at org.testng.internal.TestMethodWorker.invokeTestMethods(TestMethodWorker.java:125)
at org.testng.internal.TestMethodWorker.run(TestMethodWorker.java:109)
at org.testng.TestRunner.privateRun(TestRunner.java:648)
at org.testng.TestRunner.run(TestRunner.java:505)
at org.testng.SuiteRunner.runTest(SuiteRunner.java:455)
at org.testng.SuiteRunner.runSequentially(SuiteRunner.java:450)
at org.testng.SuiteRunner.privateRun(SuiteRunner.java:415)
at org.testng.SuiteRunner.run(SuiteRunner.java:364)
at org.testng.SuiteRunnerWorker.runSuite(SuiteRunnerWorker.java:52)
at org.testng.SuiteRunnerWorker.run(SuiteRunnerWorker.java:84)
at org.testng.TestNG.runSuitesSequentially(TestNG.java:1208)
at org.testng.TestNG.runSuitesLocally(TestNG.java:1137)
at org.testng.TestNG.runSuites(TestNG.java:1049)
at org.testng.TestNG.run(TestNG.java:1017)
at org.testng.remote.AbstractRemoteTestNG.run(AbstractRemoteTestNG.java:114)
at org.testng.remote.RemoteTestNG.initAndRun(RemoteTestNG.java:251)
at org.testng.remote.RemoteTestNG.main(RemoteTestNG.java:77)
]]>
    </failure>
  </testcase> <!-- BuildeSetMedicinsTest -->
  <testcase name="BuildeSetMedicinsTest" time="0.013" classname="test.by.epam.service.parsing.MedicinsAbstractBuilderTest">
    <failure type="java.lang.AssertionError" message="Sets differ: expected [Antibiotic:  name=&#039;Test antibiotic&#039; CAS=&#039;12345-67-8&#039; DrugBank=&#039;DB00000&#039;
    pharm: Test Pharmacy
    Version: trade name=&#039;Test trade name&#039;
        producer: Test producer
        form :    pills
        Certificate:
            registred by:      Test registration
            registration date: Fri Jan 01 00:00:00 MSK 2010
            expire date :      Wed Jan 01 00:00:00 MSK 2020
        Dosage:
            amount:    Test amount
            frequency: Test frequency
        Pack: size=&#039;null&#039;
            quantity: 100
            price:    200.0, recipe: true
] but got [Antibiotic:  name=&#039;Test antibiotic&#039; CAS=&#039;12345-67-8&#039; DrugBank=&#039;DB00000&#039;
    pharm: Test Pharmacy
    Version: trade name=&#039;Test trade name&#039;
        producer: Test producer
        form :    null
        Certificate:
            registred by:      Test registration
            registration date: Fri Jan 01 00:00:00 MSK 2010
            expire date :      Wed Jan 01 00:00:00 MSK 2020
        Dosage:
            amount:    Test amount
            frequency: Test frequency
        Pack: size=&#039;null&#039;
            quantity: 100
            price:    200.0, recipe: true
]">
      <![CDATA[java.lang.AssertionError: Sets differ: expected [Antibiotic:  name='Test antibiotic' CAS='12345-67-8' DrugBank='DB00000'
    pharm: Test Pharmacy
    Version: trade name='Test trade name'
        producer: Test producer
        form :    pills
        Certificate:
            registred by:      Test registration
            registration date: Fri Jan 01 00:00:00 MSK 2010
            expire date :      Wed Jan 01 00:00:00 MSK 2020
        Dosage:
            amount:    Test amount
            frequency: Test frequency
        Pack: size='null'
            quantity: 100
            price:    200.0, recipe: true
] but got [Antibiotic:  name='Test antibiotic' CAS='12345-67-8' DrugBank='DB00000'
    pharm: Test Pharmacy
    Version: trade name='Test trade name'
        producer: Test producer
        form :    null
        Certificate:
            registred by:      Test registration
            registration date: Fri Jan 01 00:00:00 MSK 2010
            expire date :      Wed Jan 01 00:00:00 MSK 2020
        Dosage:
            amount:    Test amount
            frequency: Test frequency
        Pack: size='null'
            quantity: 100
            price:    200.0, recipe: true
]
at org.testng.Assert.fail(Assert.java:96)
at org.testng.Assert.assertEquals(Assert.java:1042)
at org.testng.Assert.assertEquals(Assert.java:1020)
at test.by.epam.service.parsing.MedicinsAbstractBuilderTest.BuildeSetMedicinsTest(MedicinsAbstractBuilderTest.java:43)
at sun.reflect.NativeMethodAccessorImpl.invoke0(Native Method)
at sun.reflect.NativeMethodAccessorImpl.invoke(NativeMethodAccessorImpl.java:62)
at sun.reflect.DelegatingMethodAccessorImpl.invoke(DelegatingMethodAccessorImpl.java:43)
at java.lang.reflect.Method.invoke(Method.java:498)
at org.testng.internal.MethodInvocationHelper.invokeMethod(MethodInvocationHelper.java:124)
at org.testng.internal.Invoker.invokeMethod(Invoker.java:580)
at org.testng.internal.Invoker.invokeTestMethod(Invoker.java:716)
at org.testng.internal.Invoker.invokeTestMethods(Invoker.java:988)
at org.testng.internal.TestMethodWorker.invokeTestMethods(TestMethodWorker.java:125)
at org.testng.internal.TestMethodWorker.run(TestMethodWorker.java:109)
at org.testng.TestRunner.privateRun(TestRunner.java:648)
at org.testng.TestRunner.run(TestRunner.java:505)
at org.testng.SuiteRunner.runTest(SuiteRunner.java:455)
at org.testng.SuiteRunner.runSequentially(SuiteRunner.java:450)
at org.testng.SuiteRunner.privateRun(SuiteRunner.java:415)
at org.testng.SuiteRunner.run(SuiteRunner.java:364)
at org.testng.SuiteRunnerWorker.runSuite(SuiteRunnerWorker.java:52)
at org.testng.SuiteRunnerWorker.run(SuiteRunnerWorker.java:84)
at org.testng.TestNG.runSuitesSequentially(TestNG.java:1208)
at org.testng.TestNG.runSuitesLocally(TestNG.java:1137)
at org.testng.TestNG.runSuites(TestNG.java:1049)
at org.testng.TestNG.run(TestNG.java:1017)
at org.testng.remote.AbstractRemoteTestNG.run(AbstractRemoteTestNG.java:114)
at org.testng.remote.RemoteTestNG.initAndRun(RemoteTestNG.java:251)
at org.testng.remote.RemoteTestNG.main(RemoteTestNG.java:77)
]]>
    </failure>
  </testcase> <!-- BuildeSetMedicinsTest -->
  <testcase name="BuildeSetMedicinsTest" time="0.006" classname="test.by.epam.service.parsing.MedicinsAbstractBuilderTest">
    <failure type="java.lang.AssertionError" message="Parser not presented">
      <![CDATA[java.lang.AssertionError: Parser not presented
at org.testng.Assert.fail(Assert.java:85)
at test.by.epam.service.parsing.MedicinsAbstractBuilderTest.BuildeSetMedicinsTest(MedicinsAbstractBuilderTest.java:45)
at sun.reflect.NativeMethodAccessorImpl.invoke0(Native Method)
at sun.reflect.NativeMethodAccessorImpl.invoke(NativeMethodAccessorImpl.java:62)
at sun.reflect.DelegatingMethodAccessorImpl.invoke(DelegatingMethodAccessorImpl.java:43)
at java.lang.reflect.Method.invoke(Method.java:498)
at org.testng.internal.MethodInvocationHelper.invokeMethod(MethodInvocationHelper.java:124)
at org.testng.internal.Invoker.invokeMethod(Invoker.java:580)
at org.testng.internal.Invoker.invokeTestMethod(Invoker.java:716)
at org.testng.internal.Invoker.invokeTestMethods(Invoker.java:988)
at org.testng.internal.TestMethodWorker.invokeTestMethods(TestMethodWorker.java:125)
at org.testng.internal.TestMethodWorker.run(TestMethodWorker.java:109)
at org.testng.TestRunner.privateRun(TestRunner.java:648)
at org.testng.TestRunner.run(TestRunner.java:505)
at org.testng.SuiteRunner.runTest(SuiteRunner.java:455)
at org.testng.SuiteRunner.runSequentially(SuiteRunner.java:450)
at org.testng.SuiteRunner.privateRun(SuiteRunner.java:415)
at org.testng.SuiteRunner.run(SuiteRunner.java:364)
at org.testng.SuiteRunnerWorker.runSuite(SuiteRunnerWorker.java:52)
at org.testng.SuiteRunnerWorker.run(SuiteRunnerWorker.java:84)
at org.testng.TestNG.runSuitesSequentially(TestNG.java:1208)
at org.testng.TestNG.runSuitesLocally(TestNG.java:1137)
at org.testng.TestNG.runSuites(TestNG.java:1049)
at org.testng.TestNG.run(TestNG.java:1017)
at org.testng.remote.AbstractRemoteTestNG.run(AbstractRemoteTestNG.java:114)
at org.testng.remote.RemoteTestNG.initAndRun(RemoteTestNG.java:251)
at org.testng.remote.RemoteTestNG.main(RemoteTestNG.java:77)
Caused by: by.epam.task4.service.exception.ParserNotPresentedException: There is not such parser: bax
at by.epam.task4.service.factory.MedicinsBuilderFactory.getBuilder(MedicinsBuilderFactory.java:29)
at test.by.epam.service.parsing.MedicinsAbstractBuilderTest.BuildeSetMedicinsTest(MedicinsAbstractBuilderTest.java:40)
... 25 more
]]>
    </failure>
  </testcase> <!-- BuildeSetMedicinsTest -->
  <testcase name="BuildeSetMedicinsTest" time="0.053" classname="test.by.epam.service.parsing.MedicinsAbstractBuilderTest">
    <failure type="java.lang.AssertionError" message="Sets differ: expected [Antibiotic:  name=&#039;Test antibiotic&#039; CAS=&#039;12345-67-8&#039; DrugBank=&#039;DB00000&#039;
    pharm: Test Pharmacy
    Version: trade name=&#039;Test trade name&#039;
        producer: Test producer
        form :    pills
        Certificate:
            registred by:      Test registration
            registration date: Fri Jan 01 00:00:00 MSK 2010
            expire date :      Wed Jan 01 00:00:00 MSK 2020
        Dosage:
            amount:    Test amount
            frequency: Test frequency
        Pack: size=&#039;null&#039;
            quantity: 100
            price:    200.0, recipe: true
] but got [Antibiotic:  name=&#039;Test antibiotic&#039; CAS=&#039;12345-67-8&#039; DrugBank=&#039;DB00000&#039;
    pharm: Test Pharmacy
    Version: trade name=&#039;Test trade name&#039;
        producer: Test producer
        form :    pills
        Certificate:
            registred by:      Test registration
            registration date: Fri Jan 01 00:00:00 MSK 2010
            expire date :      Wed Jan 01 00:00:00 MSK 2020
        Dosage:
            amount:    Test amount
            frequency: Test frequency
        Pack: size=&#039;null&#039;
            quantity: 100
            price:    200.0, recipe: true
]">
      <![CDATA[java.lang.AssertionError: Sets differ: expected [Antibiotic:  name='Test antibiotic' CAS='12345-67-8' DrugBank='DB00000'
    pharm: Test Pharmacy
    Version: trade name='Test trade name'
        producer: Test producer
        form :    pills
        Certificate:
            registred by:      Test registration
            registration date: Fri Jan 01 00:00:00 MSK 2010
            expire date :      Wed Jan 01 00:00:00 MSK 2020
        Dosage:
            amount:    Test amount
            frequency: Test frequency
        Pack: size='null'
            quantity: 100
            price:    200.0, recipe: true
] but got [Antibiotic:  name='Test antibiotic' CAS='12345-67-8' DrugBank='DB00000'
    pharm: Test Pharmacy
    Version: trade name='Test trade name'
        producer: Test producer
        form :    pills
        Certificate:
            registred by:      Test registration
            registration date: Fri Jan 01 00:00:00 MSK 2010
            expire date :      Wed Jan 01 00:00:00 MSK 2020
        Dosage:
            amount:    Test amount
            frequency: Test frequency
        Pack: size='null'
            quantity: 100
            price:    200.0, recipe: true
]
at org.testng.Assert.fail(Assert.java:96)
at org.testng.Assert.assertEquals(Assert.java:1042)
at org.testng.Assert.assertEquals(Assert.java:1020)
at test.by.epam.service.parsing.MedicinsAbstractBuilderTest.BuildeSetMedicinsTest(MedicinsAbstractBuilderTest.java:43)
at sun.reflect.NativeMethodAccessorImpl.invoke0(Native Method)
at sun.reflect.NativeMethodAccessorImpl.invoke(NativeMethodAccessorImpl.java:62)
at sun.reflect.DelegatingMethodAccessorImpl.invoke(DelegatingMethodAccessorImpl.java:43)
at java.lang.reflect.Method.invoke(Method.java:498)
at org.testng.internal.MethodInvocationHelper.invokeMethod(MethodInvocationHelper.java:124)
at org.testng.internal.Invoker.invokeMethod(Invoker.java:580)
at org.testng.internal.Invoker.invokeTestMethod(Invoker.java:716)
at org.testng.internal.Invoker.invokeTestMethods(Invoker.java:988)
at org.testng.internal.TestMethodWorker.invokeTestMethods(TestMethodWorker.java:125)
at org.testng.internal.TestMethodWorker.run(TestMethodWorker.java:109)
at org.testng.TestRunner.privateRun(TestRunner.java:648)
at org.testng.TestRunner.run(TestRunner.java:505)
at org.testng.SuiteRunner.runTest(SuiteRunner.java:455)
at org.testng.SuiteRunner.runSequentially(SuiteRunner.java:450)
at org.testng.SuiteRunner.privateRun(SuiteRunner.java:415)
at org.testng.SuiteRunner.run(SuiteRunner.java:364)
at org.testng.SuiteRunnerWorker.runSuite(SuiteRunnerWorker.java:52)
at org.testng.SuiteRunnerWorker.run(SuiteRunnerWorker.java:84)
at org.testng.TestNG.runSuitesSequentially(TestNG.java:1208)
at org.testng.TestNG.runSuitesLocally(TestNG.java:1137)
at org.testng.TestNG.runSuites(TestNG.java:1049)
at org.testng.TestNG.run(TestNG.java:1017)
at org.testng.remote.AbstractRemoteTestNG.run(AbstractRemoteTestNG.java:114)
at org.testng.remote.RemoteTestNG.initAndRun(RemoteTestNG.java:251)
at org.testng.remote.RemoteTestNG.main(RemoteTestNG.java:77)
]]>
    </failure>
  </testcase> <!-- BuildeSetMedicinsTest -->
</testsuite> <!-- test.by.epam.service.parsing.MedicinsAbstractBuilderTest -->
